<?xml version="1.0" encoding="UTF-8"?>
<!-- Generated by org.testng.reporters.JUnitXMLReporter -->
<testsuite hostname="DESKTOP-MVSUV92" ignored="0" name="Command line test" tests="6" failures="0" timestamp="2021-07-13T22:11:15 PDT" time="0.163" errors="0">
  <testcase name="IOSApps" time="0.016" classname="com.test.mavenjava.AppiumTest"/>
  <testcase name="NativeAPpAndroid" time="0.001" classname="com.test.mavenjava.AppiumTest"/>
  <testcase name="deleteTwitter" time="0.0" classname="com.test.mavenjava.RestApiTest"/>
  <testcase name="postJira" time="0.001" classname="com.test.mavenjava.RestApiTest"/>
  <testcase name="BrowserAUtomation" time="0.001" classname="com.test.mavenjava.SeleniumTest"/>
  <testcase name="elementsUi" time="0.0" classname="com.test.mavenjava.SeleniumTest"/>
</testsuite> <!-- Command line test -->
