<?xml version="1.0" encoding="UTF-8"?>
<!-- Generated by org.testng.reporters.JUnitXMLReporter -->
<testsuite hostname="DESKTOP-MVSUV92" ignored="0" name="Test" tests="4" failures="0" timestamp="2021-07-13T22:12:51 PDT" time="0.135" errors="0">
  <testcase name="IOSApps" time="0.015" classname="com.test.mavenjava.AppiumTest"/>
  <testcase name="NativeAPpAndroid" time="0.001" classname="com.test.mavenjava.AppiumTest"/>
  <testcase name="BrowserAUtomation" time="0.001" classname="com.test.mavenjava.SeleniumTest"/>
  <testcase name="elementsUi" time="0.0" classname="com.test.mavenjava.SeleniumTest"/>
</testsuite> <!-- Test -->
