<?xml version="1.0" encoding="UTF-8"?>
<testng-results skipped="0" failed="0" ignored="0" total="4" passed="4">
  <reporter-output>
  </reporter-output>
  <suite name="Suite" duration-ms="135" started-at="2021-07-13T22:12:51 PDT" finished-at="2021-07-13T22:12:51 PDT">
    <groups>
    </groups>
    <test name="Test" duration-ms="135" started-at="2021-07-13T22:12:51 PDT" finished-at="2021-07-13T22:12:51 PDT">
      <class name="com.test.mavenjava.AppiumTest">
        <test-method status="PASS" signature="IOSApps()[pri:0, instance:com.test.mavenjava.AppiumTest@3fd7a715]" name="IOSApps" duration-ms="15" started-at="2021-07-13T22:12:51 PDT" finished-at="2021-07-13T22:12:51 PDT">
          <reporter-output>
          </reporter-output>
        </test-method> <!-- IOSApps -->
        <test-method status="PASS" signature="NativeAPpAndroid()[pri:0, instance:com.test.mavenjava.AppiumTest@3fd7a715]" name="NativeAPpAndroid" duration-ms="1" started-at="2021-07-13T22:12:51 PDT" finished-at="2021-07-13T22:12:51 PDT">
          <reporter-output>
          </reporter-output>
        </test-method> <!-- NativeAPpAndroid -->
      </class> <!-- com.test.mavenjava.AppiumTest -->
      <class name="com.test.mavenjava.SeleniumTest">
        <test-method status="PASS" signature="BrowserAUtomation()[pri:0, instance:com.test.mavenjava.SeleniumTest@184f6be2]" name="BrowserAUtomation" duration-ms="1" started-at="2021-07-13T22:12:51 PDT" finished-at="2021-07-13T22:12:51 PDT">
          <reporter-output>
          </reporter-output>
        </test-method> <!-- BrowserAUtomation -->
        <test-method status="PASS" signature="elementsUi()[pri:0, instance:com.test.mavenjava.SeleniumTest@184f6be2]" name="elementsUi" duration-ms="0" started-at="2021-07-13T22:12:51 PDT" finished-at="2021-07-13T22:12:51 PDT">
          <reporter-output>
          </reporter-output>
        </test-method> <!-- elementsUi -->
      </class> <!-- com.test.mavenjava.SeleniumTest -->
    </test> <!-- Test -->
  </suite> <!-- Suite -->
</testng-results>
